<?xml version="1.0" encoding="UTF-8"?>
<testsuite xmlns:xsi="http://www.w3.org/2001/XMLSchema-instance" xsi:noNamespaceSchemaLocation="https://maven.apache.org/surefire/maven-surefire-plugin/xsd/surefire-test-report-3.0.xsd" version="3.0" name="com.library.AppTest" time="0.019" tests="1" errors="0" skipped="0" failures="0">
  <properties>
    <property name="java.specification.version" value="21"/>
    <property name="sun.jnu.encoding" value="UTF-8"/>
    <property name="java.class.path" value="/Users/shirishkumar/Documents/cognizant-assignment/learning-prog-solution/week3/springCoreMaven/exercise4/LibraryManagement/LibraryManagement/target/test-classes:/Users/shirishkumar/Documents/cognizant-assignment/learning-prog-solution/week3/springCoreMaven/exercise4/LibraryManagement/LibraryManagement/target/classes:/Users/shirishkumar/.m2/repository/org/springframework/spring-context/5.3.34/spring-context-5.3.34.jar:/Users/shirishkumar/.m2/repository/org/springframework/spring-beans/5.3.34/spring-beans-5.3.34.jar:/Users/shirishkumar/.m2/repository/org/springframework/spring-core/5.3.34/spring-core-5.3.34.jar:/Users/shirishkumar/.m2/repository/org/springframework/spring-jcl/5.3.34/spring-jcl-5.3.34.jar:/Users/shirishkumar/.m2/repository/org/springframework/spring-expression/5.3.34/spring-expression-5.3.34.jar:/Users/shirishkumar/.m2/repository/org/springframework/spring-aop/5.3.34/spring-aop-5.3.34.jar:/Users/shirishkumar/.m2/repository/org/springframework/spring-webmvc/5.3.34/spring-webmvc-5.3.34.jar:/Users/shirishkumar/.m2/repository/org/springframework/spring-web/5.3.34/spring-web-5.3.34.jar:/Users/shirishkumar/.m2/repository/junit/junit/4.13.2/junit-4.13.2.jar:/Users/shirishkumar/.m2/repository/org/hamcrest/hamcrest-core/1.3/hamcrest-core-1.3.jar:"/>
    <property name="java.vm.vendor" value="Homebrew"/>
    <property name="sun.arch.data.model" value="64"/>
    <property name="java.vendor.url" value="https://github.com/Homebrew/homebrew-core/issues"/>
    <property name="os.name" value="Mac OS X"/>
    <property name="java.vm.specification.version" value="21"/>
    <property name="sun.java.launcher" value="SUN_STANDARD"/>
    <property name="user.country" value="IN"/>
    <property name="sun.boot.library.path" value="/opt/homebrew/Cellar/openjdk@21/21.0.7/libexec/openjdk.jdk/Contents/Home/lib"/>
    <property name="sun.java.command" value="/Users/shirishkumar/Documents/cognizant-assignment/learning-prog-solution/week3/springCoreMaven/exercise4/LibraryManagement/LibraryManagement/target/surefire/surefirebooter-20250707000747305_3.jar /Users/shirishkumar/Documents/cognizant-assignment/learning-prog-solution/week3/springCoreMaven/exercise4/LibraryManagement/LibraryManagement/target/surefire 2025-07-07T00-07-47_255-jvmRun1 surefire-20250707000747305_1tmp surefire_0-20250707000747305_2tmp"/>
    <property name="http.nonProxyHosts" value="local|*.local|169.254/16|*.169.254/16"/>
    <property name="jdk.debug" value="release"/>
    <property name="surefire.test.class.path" value="/Users/shirishkumar/Documents/cognizant-assignment/learning-prog-solution/week3/springCoreMaven/exercise4/LibraryManagement/LibraryManagement/target/test-classes:/Users/shirishkumar/Documents/cognizant-assignment/learning-prog-solution/week3/springCoreMaven/exercise4/LibraryManagement/LibraryManagement/target/classes:/Users/shirishkumar/.m2/repository/org/springframework/spring-context/5.3.34/spring-context-5.3.34.jar:/Users/shirishkumar/.m2/repository/org/springframework/spring-beans/5.3.34/spring-beans-5.3.34.jar:/Users/shirishkumar/.m2/repository/org/springframework/spring-core/5.3.34/spring-core-5.3.34.jar:/Users/shirishkumar/.m2/repository/org/springframework/spring-jcl/5.3.34/spring-jcl-5.3.34.jar:/Users/shirishkumar/.m2/repository/org/springframework/spring-expression/5.3.34/spring-expression-5.3.34.jar:/Users/shirishkumar/.m2/repository/org/springframework/spring-aop/5.3.34/spring-aop-5.3.34.jar:/Users/shirishkumar/.m2/repository/org/springframework/spring-webmvc/5.3.34/spring-webmvc-5.3.34.jar:/Users/shirishkumar/.m2/repository/org/springframework/spring-web/5.3.34/spring-web-5.3.34.jar:/Users/shirishkumar/.m2/repository/junit/junit/4.13.2/junit-4.13.2.jar:/Users/shirishkumar/.m2/repository/org/hamcrest/hamcrest-core/1.3/hamcrest-core-1.3.jar:"/>
    <property name="sun.cpu.endian" value="little"/>
    <property name="user.home" value="/Users/shirishkumar"/>
    <property name="user.language" value="en"/>
    <property name="java.specification.vendor" value="Oracle Corporation"/>
    <property name="java.version.date" value="2025-04-15"/>
    <property name="java.home" value="/opt/homebrew/Cellar/openjdk@21/21.0.7/libexec/openjdk.jdk/Contents/Home"/>
    <property name="file.separator" value="/"/>
    <property name="basedir" value="/Users/shirishkumar/Documents/cognizant-assignment/learning-prog-solution/week3/springCoreMaven/exercise4/LibraryManagement/LibraryManagement"/>
    <property name="java.vm.compressedOopsMode" value="Zero based"/>
    <property name="line.separator" value="&#10;"/>
    <property name="java.vm.specification.vendor" value="Oracle Corporation"/>
    <property name="java.specification.name" value="Java Platform API Specification"/>
    <property name="apple.awt.application.name" value="ForkedBooter"/>
    <property name="surefire.real.class.path" value="/Users/shirishkumar/Documents/cognizant-assignment/learning-prog-solution/week3/springCoreMaven/exercise4/LibraryManagement/LibraryManagement/target/surefire/surefirebooter-20250707000747305_3.jar"/>
    <property name="sun.management.compiler" value="HotSpot 64-Bit Tiered Compilers"/>
    <property name="ftp.nonProxyHosts" value="local|*.local|169.254/16|*.169.254/16"/>
    <property name="java.runtime.version" value="21.0.7"/>
    <property name="user.name" value="shirishkumar"/>
    <property name="stdout.encoding" value="UTF-8"/>
    <property name="path.separator" value=":"/>
    <property name="os.version" value="15.5"/>
    <property name="java.runtime.name" value="OpenJDK Runtime Environment"/>
    <property name="file.encoding" value="UTF-8"/>
    <property name="java.vm.name" value="OpenJDK 64-Bit Server VM"/>
    <property name="java.vendor.version" value="Homebrew"/>
    <property name="localRepository" value="/Users/shirishkumar/.m2/repository"/>
    <property name="java.vendor.url.bug" value="https://github.com/Homebrew/homebrew-core/issues"/>
    <property name="java.io.tmpdir" value="/var/folders/8_/pkgpwgkd2ssb7w44t7ks50mh0000gn/T/"/>
    <property name="java.version" value="21.0.7"/>
    <property name="user.dir" value="/Users/shirishkumar/Documents/cognizant-assignment/learning-prog-solution/week3/springCoreMaven/exercise4/LibraryManagement/LibraryManagement"/>
    <property name="os.arch" value="aarch64"/>
    <property name="java.vm.specification.name" value="Java Virtual Machine Specification"/>
    <property name="native.encoding" value="UTF-8"/>
    <property name="java.library.path" value="/Users/shirishkumar/Library/Java/Extensions:/Library/Java/Extensions:/Network/Library/Java/Extensions:/System/Library/Java/Extensions:/usr/lib/java:."/>
    <property name="java.vm.info" value="mixed mode, sharing"/>
    <property name="stderr.encoding" value="UTF-8"/>
    <property name="java.vendor" value="Homebrew"/>
    <property name="java.vm.version" value="21.0.7"/>
    <property name="sun.io.unicode.encoding" value="UnicodeBig"/>
    <property name="socksNonProxyHosts" value="local|*.local|169.254/16|*.169.254/16"/>
    <property name="java.class.version" value="65.0"/>
  </properties>
  <testcase name="testApp" classname="com.library.AppTest" time="0.002"/>
</testsuite>